<?xml version="1.0" encoding="UTF-8"?>
<coverage generated="1740474150095" clover="3.2.0">
  <project timestamp="1740474150095" name="All files">
    <metrics statements="6" coveredstatements="6" conditionals="0" coveredconditionals="0" methods="1" coveredmethods="1" elements="7" coveredelements="7" complexity="0" loc="6" ncloc="6" packages="1" files="2" classes="2"/>
    <file name="notFound.jsx" path="/Users/dgsw45/Desktop/우문정/email/src/page/notFound/notFound.jsx">
      <metrics statements="2" coveredstatements="2" conditionals="0" coveredconditionals="0" methods="1" coveredmethods="1"/>
      <line num="9" count="1" type="stmt"/>
      <line num="10" count="3" type="stmt"/>
    </file>
    <file name="notFound.style.js" path="/Users/dgsw45/Desktop/우문정/email/src/page/notFound/notFound.style.js">
      <metrics statements="4" coveredstatements="4" conditionals="0" coveredconditionals="0" methods="0" coveredmethods="0"/>
      <line num="3" count="1" type="stmt"/>
      <line num="10" count="1" type="stmt"/>
      <line num="19" count="1" type="stmt"/>
      <line num="25" count="1" type="stmt"/>
    </file>
  </project>
</coverage>
