{"/Users/dgsw45/Desktop/우문정/email/src/page/notFound/notFound.jsx": {"path":"/Users/dgsw45/Desktop/우문정/email/src/page/notFound/notFound.jsx","statementMap":{"0":{"start":{"line":9,"column":24},"end":{"line":19,"column":1}},"1":{"start":{"line":10,"column":2},"end":{"line":18,"column":4}}},"fnMap":{"0":{"name":"(anonymous_0)","decl":{"start":{"line":9,"column":24},"end":{"line":9,"column":25}},"loc":{"start":{"line":9,"column":30},"end":{"line":19,"column":1}},"line":9}},"branchMap":{},"s":{"0":1,"1":3},"f":{"0":3},"b":{},"_coverageSchema":"1a1c01bbd47fc00a2c39e90264f33305004495a9","hash":"117eaa8941e7c6932213ba1b517b44fb983440b6"}
,"/Users/dgsw45/Desktop/우문정/email/src/page/notFound/notFound.style.js": {"path":"/Users/dgsw45/Desktop/우문정/email/src/page/notFound/notFound.style.js","statementMap":{"0":{"start":{"line":3,"column":23},"end":{"line":8,"column":1}},"1":{"start":{"line":10,"column":27},"end":{"line":17,"column":1}},"2":{"start":{"line":19,"column":21},"end":{"line":23,"column":1}},"3":{"start":{"line":25,"column":21},"end":{"line":29,"column":1}}},"fnMap":{},"branchMap":{},"s":{"0":1,"1":1,"2":1,"3":1},"f":{},"b":{},"_coverageSchema":"1a1c01bbd47fc00a2c39e90264f33305004495a9","hash":"3dbdc12eb4d99f0019fdbf59a3019fafad1f6871"}
}
